<?xml version="1.0" encoding="UTF-8"?>
<!-- Generated by org.testng.reporters.JUnitReportReporter -->
<testsuite hostname="DSIT-P420011914" failures="0" tests="1" name="test.NewTest" time="5.061" errors="0" timestamp="2021-05-26T08:24:11 COT" skipped="0">
  <testcase classname="test.NewTest" name="f" time="5.061"/>
  <system-out/>
</testsuite> <!-- test.NewTest -->
