<?xml version="1.0" encoding="UTF-8"?>
<!-- Generated by org.testng.reporters.JUnitReportReporter -->
<testsuite hostname="DSIT-P420011914" failures="0" tests="1" name="test.ParameterByDataprovider" time="3.152" errors="0" timestamp="2021-05-25T15:01:47 COT" skipped="0">
  <testcase classname="test.ParameterByDataprovider" name="testMethod" time="3.152"/>
  <system-out/>
</testsuite> <!-- test.ParameterByDataprovider -->
