<?xml version="1.0" encoding="UTF-8"?>
<!-- Generated by org.testng.reporters.JUnitReportReporter -->
<testsuite hostname="DSIT-P420011914" failures="0" tests="1" name="test.NewTest" time="12.717" errors="0" timestamp="2021-05-25T16:23:08 COT" skipped="0">
  <testcase classname="test.NewTest" name="f" time="12.717"/>
  <system-out/>
</testsuite> <!-- test.NewTest -->
